0 info it worked if it ends with ok
1 verbose cli [ '/usr/local/bin/node',
1 verbose cli   '/usr/local/bin/npm',
1 verbose cli   'install',
1 verbose cli   'freebase' ]
2 info using npm@1.4.3
3 info using node@v0.10.26
4 warn package.json roam-server@0.0.1 No repository field.
5 verbose readDependencies using package.json deps
6 verbose cache add [ 'freebase@2.1.x', null ]
7 verbose cache add name=undefined spec="freebase@2.1.x" args=["freebase@2.1.x",null]
8 verbose parsed url { protocol: null,
8 verbose parsed url   slashes: null,
8 verbose parsed url   auth: null,
8 verbose parsed url   host: null,
8 verbose parsed url   port: null,
8 verbose parsed url   hostname: null,
8 verbose parsed url   hash: null,
8 verbose parsed url   search: null,
8 verbose parsed url   query: null,
8 verbose parsed url   pathname: 'freebase@2.1.x',
8 verbose parsed url   path: 'freebase@2.1.x',
8 verbose parsed url   href: 'freebase@2.1.x' }
9 verbose cache add name="freebase" spec="2.1.x" args=["freebase","2.1.x"]
10 verbose parsed url { protocol: null,
10 verbose parsed url   slashes: null,
10 verbose parsed url   auth: null,
10 verbose parsed url   host: null,
10 verbose parsed url   port: null,
10 verbose parsed url   hostname: null,
10 verbose parsed url   hash: null,
10 verbose parsed url   search: null,
10 verbose parsed url   query: null,
10 verbose parsed url   pathname: '2.1.x',
10 verbose parsed url   path: '2.1.x',
10 verbose parsed url   href: '2.1.x' }
11 verbose addNamed [ 'freebase', '2.1.x' ]
12 verbose addNamed [ null, '>=2.1.0-0 <2.2.0-0' ]
13 silly lockFile 541f980e-freebase-2-1-x freebase@2.1.x
14 verbose lock freebase@2.1.x /home/sinduja/.npm/541f980e-freebase-2-1-x.lock
15 silly addNameRange { name: 'freebase', range: '>=2.1.0-0 <2.2.0-0', hasData: false }
16 verbose url raw freebase
17 verbose url resolving [ 'https://registry.npmjs.org/', './freebase' ]
18 verbose url resolved https://registry.npmjs.org/freebase
19 info trying registry request attempt 1 at 01:10:25
20 verbose etag "1I1O94W5OSX4QBJLRUBFHSUPX"
21 http GET https://registry.npmjs.org/freebase
22 http 304 https://registry.npmjs.org/freebase
23 silly registry.get cb [ 304,
23 silly registry.get   { date: 'Sat, 01 Mar 2014 19:40:26 GMT',
23 silly registry.get     server: 'Apache',
23 silly registry.get     connection: 'Keep-Alive',
23 silly registry.get     'keep-alive': 'timeout=10, max=50',
23 silly registry.get     etag: '"1I1O94W5OSX4QBJLRUBFHSUPX"',
23 silly registry.get     'cache-control': 'max-age=1',
23 silly registry.get     vary: 'Accept' } ]
24 verbose etag freebase from cache
25 silly addNameRange number 2 { name: 'freebase', range: '>=2.1.0-0 <2.2.0-0', hasData: true }
26 silly addNameRange versions [ 'freebase',
26 silly addNameRange   [ '0.0.0',
26 silly addNameRange     '1.0.1',
26 silly addNameRange     '1.0.0',
26 silly addNameRange     '2.0.0',
26 silly addNameRange     '2.0.1',
26 silly addNameRange     '2.0.2',
26 silly addNameRange     '2.0.3',
26 silly addNameRange     '2.0.4',
26 silly addNameRange     '2.0.5',
26 silly addNameRange     '2.0.6',
26 silly addNameRange     '2.0.7',
26 silly addNameRange     '2.0.8',
26 silly addNameRange     '2.0.9',
26 silly addNameRange     '2.1.0',
26 silly addNameRange     '2.1.1',
26 silly addNameRange     '2.1.2',
26 silly addNameRange     '2.1.3',
26 silly addNameRange     '2.1.4',
26 silly addNameRange     '2.1.5',
26 silly addNameRange     '2.1.6',
26 silly addNameRange     '2.1.7',
26 silly addNameRange     '2.1.8',
26 silly addNameRange     '2.1.9',
26 silly addNameRange     '2.1.11',
26 silly addNameRange     '2.1.12',
26 silly addNameRange     '2.1.13',
26 silly addNameRange     '2.1.14',
26 silly addNameRange     '2.1.16',
26 silly addNameRange     '2.1.17',
26 silly addNameRange     '2.1.21',
26 silly addNameRange     '2.1.22',
26 silly addNameRange     '2.1.23' ] ]
27 verbose addNamed [ 'freebase', '2.1.23' ]
28 verbose addNamed [ '2.1.23', '2.1.23' ]
29 silly lockFile 3c1697c5-freebase-2-1-23 freebase@2.1.23
30 verbose lock freebase@2.1.23 /home/sinduja/.npm/3c1697c5-freebase-2-1-23.lock
31 silly lockFile 97032053-org-freebase-freebase-2-1-23-tgz https://registry.npmjs.org/freebase/-/freebase-2.1.23.tgz
32 verbose lock https://registry.npmjs.org/freebase/-/freebase-2.1.23.tgz /home/sinduja/.npm/97032053-org-freebase-freebase-2-1-23-tgz.lock
33 verbose addRemoteTarball [ 'https://registry.npmjs.org/freebase/-/freebase-2.1.23.tgz',
33 verbose addRemoteTarball   'd061f2dedb39f4240de82016c2c569ff9af4f06e' ]
34 info retry fetch attempt 1 at 01:10:27
35 verbose fetch to= /home/sinduja/tmp/npm-4424-4CYNFUuz/1393702827095-0.5809206052217633/tmp.tgz
36 http GET https://registry.npmjs.org/freebase/-/freebase-2.1.23.tgz
37 http 404 https://registry.npmjs.org/freebase/-/freebase-2.1.23.tgz
38 error fetch failed https://registry.npmjs.org/freebase/-/freebase-2.1.23.tgz
39 silly lockFile 97032053-org-freebase-freebase-2-1-23-tgz https://registry.npmjs.org/freebase/-/freebase-2.1.23.tgz
40 silly lockFile 97032053-org-freebase-freebase-2-1-23-tgz https://registry.npmjs.org/freebase/-/freebase-2.1.23.tgz
41 silly lockFile 3c1697c5-freebase-2-1-23 freebase@2.1.23
42 silly lockFile 3c1697c5-freebase-2-1-23 freebase@2.1.23
43 silly lockFile 541f980e-freebase-2-1-x freebase@2.1.x
44 silly lockFile 541f980e-freebase-2-1-x freebase@2.1.x
45 error Error: 404 Not Found
45 error     at WriteStream.<anonymous> (/usr/local/lib/node_modules/npm/lib/utils/fetch.js:57:12)
45 error     at WriteStream.EventEmitter.emit (events.js:117:20)
45 error     at fs.js:1598:14
45 error     at /usr/local/lib/node_modules/npm/node_modules/graceful-fs/graceful-fs.js:105:5
45 error     at Object.oncomplete (fs.js:107:15)
46 error If you need help, you may report this *entire* log,
46 error including the npm and node versions, at:
46 error     <http://github.com/npm/npm/issues>
47 error System Linux 3.8.0-36-generic
48 error command "/usr/local/bin/node" "/usr/local/bin/npm" "install" "freebase"
49 error cwd /home/sinduja/git/roam
50 error node -v v0.10.26
51 error npm -v 1.4.3
52 verbose exit [ 1, true ]
